xCurrent 68137.976681,46720.199952,60078.837655,52800.071328,-16845.928617,52742.163006
xCurrent 11960.361134,50752.009596,18753.668687,52712.551077,80656.855899,48797.873613
xCurrent 41500.295872,49921.511401,40383.483423,51333.842054,29487.106425,51007.080832
xCurrent 36402.813464,50394.517866,36625.361920,51207.501567,38342.710335,50660.414853
xCurrent 37817.576679,50691.983464,37635.068692,50768.878595,35918.240348,50801.572227
xCurrent 36535.750769,50766.427474,36693.501013,50786.272746,38141.633938,50709.734067
xCurrent 37308.836080,50739.254393,37259.994468,50756.199051,36802.055172,50766.980843
xCurrent 37114.128269,50749.963537,37117.018021,50759.502784,37139.739430,50752.967966
xCurrent 37126.992516,50752.057672,37126.246615,50756.189138,37117.646588,50754.187476
xCurrent 37122.656554,50753.085076,37123.001337,50755.391089,37125.227829,50753.958121
xCurrent 37122.026115,50752.306498,37122.601615,50756.300289,37126.257990,50753.827500
xCurrent 37122.246207,50752.398618,37122.755129,50756.181403,37125.884384,50753.854265
xCurrent 37122.208679,50752.321058,37122.733761,50756.270011,37125.943279,50753.843218
xCurrent 37122.231102,50752.318338,37122.750342,50756.271273,37125.904276,50753.844676
xCurrent 37122.222453,50752.309968,37122.744679,50756.281193,37125.918587,50753.843126
xCurrent 37122.223270,50752.312293,37122.745095,50756.278560,37125.917355,50753.843433
xCurrent 37122.222472,50752.312290,37122.744513,50756.278626,37125.918734,50753.843371
xCurrent 37122.222796,50752.312623,37122.744723,50756.278233,37125.918200,50753.843431
xCurrent 37122.222759,50752.312537,37122.744703,50756.278330,37125.918258,50753.843419
xCurrent 37122.222787,50752.312543,37122.744723,50756.278321,37125.918210,50753.843422
xCurrent 37122.222787 50752.312543 37122.744723 50756.278321 37125.918210 50753.843422 
With: 128 threads in block 0 after it: 20 f: 0.0000001557
Memcpy,kernel elapsed time (ms): 0.013920,8.349664
